Analysis & Synthesis report for top
Fri Jan 27 00:31:31 2023
Quartus II 64-Bit Version 13.1.0 Build 162 10/23/2013 SJ Web Edition


---------------------
; Table of Contents ;
---------------------
  1. Legal Notice
  2. Analysis & Synthesis Summary
  3. Analysis & Synthesis Settings
  4. Parallel Compilation
  5. Analysis & Synthesis Source Files Read
  6. Analysis & Synthesis Resource Usage Summary
  7. Analysis & Synthesis Resource Utilization by Entity
  8. State Machine - |top|keyboard:keyboard|state
  9. Registers Removed During Synthesis
 10. General Register Statistics
 11. Multiplexer Restructuring Statistics (Restructuring Performed)
 12. Elapsed Time Per Partition
 13. Analysis & Synthesis Messages
 14. Analysis & Synthesis Suppressed Messages



----------------
; Legal Notice ;
----------------
Copyright (C) 1991-2013 Altera Corporation
Your use of Altera Corporation's design tools, logic functions 
and other software and tools, and its AMPP partner logic 
functions, and any output files from any of the foregoing 
(including device programming or simulation files), and any 
associated documentation or information are expressly subject 
to the terms and conditions of the Altera Program License 
Subscription Agreement, Altera MegaCore Function License 
Agreement, or other applicable license agreement, including, 
without limitation, that your use is for the sole purpose of 
programming logic devices manufactured by Altera and sold by 
Altera or its authorized distributors.  Please refer to the 
applicable agreement for further details.



+---------------------------------------------------------------------------------+
; Analysis & Synthesis Summary                                                    ;
+------------------------------------+--------------------------------------------+
; Analysis & Synthesis Status        ; Successful - Fri Jan 27 00:31:31 2023      ;
; Quartus II 64-Bit Version          ; 13.1.0 Build 162 10/23/2013 SJ Web Edition ;
; Revision Name                      ; top                                        ;
; Top-level Entity Name              ; top                                        ;
; Family                             ; Cyclone IV E                               ;
; Total logic elements               ; 4,334                                      ;
;     Total combinational functions  ; 2,454                                      ;
;     Dedicated logic registers      ; 2,287                                      ;
; Total registers                    ; 2287                                       ;
; Total pins                         ; 9                                          ;
; Total virtual pins                 ; 0                                          ;
; Total memory bits                  ; 0                                          ;
; Embedded Multiplier 9-bit elements ; 0                                          ;
; Total PLLs                         ; 0                                          ;
+------------------------------------+--------------------------------------------+


+----------------------------------------------------------------------------------------------------------------------+
; Analysis & Synthesis Settings                                                                                        ;
+----------------------------------------------------------------------------+--------------------+--------------------+
; Option                                                                     ; Setting            ; Default Value      ;
+----------------------------------------------------------------------------+--------------------+--------------------+
; Device                                                                     ; EP4CE22F17C6       ;                    ;
; Top-level entity name                                                      ; top                ; top                ;
; Family name                                                                ; Cyclone IV E       ; Cyclone IV GX      ;
; Use smart compilation                                                      ; Off                ; Off                ;
; Enable parallel Assembler and TimeQuest Timing Analyzer during compilation ; On                 ; On                 ;
; Enable compact report table                                                ; Off                ; Off                ;
; Restructure Multiplexers                                                   ; Auto               ; Auto               ;
; Create Debugging Nodes for IP Cores                                        ; Off                ; Off                ;
; Preserve fewer node names                                                  ; On                 ; On                 ;
; Disable OpenCore Plus hardware evaluation                                  ; Off                ; Off                ;
; Verilog Version                                                            ; Verilog_2001       ; Verilog_2001       ;
; VHDL Version                                                               ; VHDL_1993          ; VHDL_1993          ;
; State Machine Processing                                                   ; Auto               ; Auto               ;
; Safe State Machine                                                         ; Off                ; Off                ;
; Extract Verilog State Machines                                             ; On                 ; On                 ;
; Extract VHDL State Machines                                                ; On                 ; On                 ;
; Ignore Verilog initial constructs                                          ; Off                ; Off                ;
; Iteration limit for constant Verilog loops                                 ; 5000               ; 5000               ;
; Iteration limit for non-constant Verilog loops                             ; 250                ; 250                ;
; Add Pass-Through Logic to Inferred RAMs                                    ; On                 ; On                 ;
; Infer RAMs from Raw Logic                                                  ; On                 ; On                 ;
; Parallel Synthesis                                                         ; On                 ; On                 ;
; DSP Block Balancing                                                        ; Auto               ; Auto               ;
; NOT Gate Push-Back                                                         ; On                 ; On                 ;
; Power-Up Don't Care                                                        ; On                 ; On                 ;
; Remove Redundant Logic Cells                                               ; Off                ; Off                ;
; Remove Duplicate Registers                                                 ; On                 ; On                 ;
; Ignore CARRY Buffers                                                       ; Off                ; Off                ;
; Ignore CASCADE Buffers                                                     ; Off                ; Off                ;
; Ignore GLOBAL Buffers                                                      ; Off                ; Off                ;
; Ignore ROW GLOBAL Buffers                                                  ; Off                ; Off                ;
; Ignore LCELL Buffers                                                       ; Off                ; Off                ;
; Ignore SOFT Buffers                                                        ; On                 ; On                 ;
; Limit AHDL Integers to 32 Bits                                             ; Off                ; Off                ;
; Optimization Technique                                                     ; Balanced           ; Balanced           ;
; Carry Chain Length                                                         ; 70                 ; 70                 ;
; Auto Carry Chains                                                          ; On                 ; On                 ;
; Auto Open-Drain Pins                                                       ; On                 ; On                 ;
; Perform WYSIWYG Primitive Resynthesis                                      ; Off                ; Off                ;
; Auto ROM Replacement                                                       ; On                 ; On                 ;
; Auto RAM Replacement                                                       ; On                 ; On                 ;
; Auto DSP Block Replacement                                                 ; On                 ; On                 ;
; Auto Shift Register Replacement                                            ; Auto               ; Auto               ;
; Allow Shift Register Merging across Hierarchies                            ; Auto               ; Auto               ;
; Auto Clock Enable Replacement                                              ; On                 ; On                 ;
; Strict RAM Replacement                                                     ; Off                ; Off                ;
; Allow Synchronous Control Signals                                          ; On                 ; On                 ;
; Force Use of Synchronous Clear Signals                                     ; Off                ; Off                ;
; Auto RAM Block Balancing                                                   ; On                 ; On                 ;
; Auto RAM to Logic Cell Conversion                                          ; Off                ; Off                ;
; Auto Resource Sharing                                                      ; Off                ; Off                ;
; Allow Any RAM Size For Recognition                                         ; Off                ; Off                ;
; Allow Any ROM Size For Recognition                                         ; Off                ; Off                ;
; Allow Any Shift Register Size For Recognition                              ; Off                ; Off                ;
; Use LogicLock Constraints during Resource Balancing                        ; On                 ; On                 ;
; Ignore translate_off and synthesis_off directives                          ; Off                ; Off                ;
; Timing-Driven Synthesis                                                    ; On                 ; On                 ;
; Report Parameter Settings                                                  ; On                 ; On                 ;
; Report Source Assignments                                                  ; On                 ; On                 ;
; Report Connectivity Checks                                                 ; On                 ; On                 ;
; Ignore Maximum Fan-Out Assignments                                         ; Off                ; Off                ;
; Synchronization Register Chain Length                                      ; 2                  ; 2                  ;
; PowerPlay Power Optimization                                               ; Normal compilation ; Normal compilation ;
; HDL message level                                                          ; Level2             ; Level2             ;
; Suppress Register Optimization Related Messages                            ; Off                ; Off                ;
; Number of Removed Registers Reported in Synthesis Report                   ; 5000               ; 5000               ;
; Number of Swept Nodes Reported in Synthesis Report                         ; 5000               ; 5000               ;
; Number of Inverted Registers Reported in Synthesis Report                  ; 100                ; 100                ;
; Clock MUX Protection                                                       ; On                 ; On                 ;
; Auto Gated Clock Conversion                                                ; Off                ; Off                ;
; Block Design Naming                                                        ; Auto               ; Auto               ;
; SDC constraint protection                                                  ; Off                ; Off                ;
; Synthesis Effort                                                           ; Auto               ; Auto               ;
; Shift Register Replacement - Allow Asynchronous Clear Signal               ; On                 ; On                 ;
; Pre-Mapping Resynthesis Optimization                                       ; Off                ; Off                ;
; Analysis & Synthesis Message Level                                         ; Medium             ; Medium             ;
; Disable Register Merging Across Hierarchies                                ; Auto               ; Auto               ;
; Resource Aware Inference For Block RAM                                     ; On                 ; On                 ;
; Synthesis Seed                                                             ; 1                  ; 1                  ;
+----------------------------------------------------------------------------+--------------------+--------------------+


+------------------------------------------+
; Parallel Compilation                     ;
+----------------------------+-------------+
; Processors                 ; Number      ;
+----------------------------+-------------+
; Number detected on machine ; 12          ;
; Maximum allowed            ; 6           ;
;                            ;             ;
; Average used               ; 1.00        ;
; Maximum used               ; 6           ;
;                            ;             ;
; Usage by Processor         ; % Time Used ;
;     Processor 1            ; 100.0%      ;
;     Processors 2-6         ; < 0.1%      ;
;     Processors 7-12        ;   0.0%      ;
+----------------------------+-------------+


+------------------------------------------------------------------------------------------------------------------------------+
; Analysis & Synthesis Source Files Read                                                                                       ;
+----------------------------------+-----------------+------------------------------+--------------------------------+---------+
; File Name with User-Entered Path ; Used in Netlist ; File Type                    ; File Name with Absolute Path   ; Library ;
+----------------------------------+-----------------+------------------------------+--------------------------------+---------+
; ram.dat                          ; yes             ; User Unspecified File        ; C:/microprocessors/ram.dat     ;         ;
; top.sv                           ; yes             ; User SystemVerilog HDL File  ; C:/microprocessors/top.sv      ;         ;
; keyboard.sv                      ; yes             ; User SystemVerilog HDL File  ; C:/microprocessors/keyboard.sv ;         ;
; vga.sv                           ; yes             ; User SystemVerilog HDL File  ; C:/microprocessors/vga.sv      ;         ;
; bird_cpu.sv                      ; yes             ; User SystemVerilog HDL File  ; C:/microprocessors/bird_cpu.sv ;         ;
+----------------------------------+-----------------+------------------------------+--------------------------------+---------+


+---------------------------------------------------------+
; Analysis & Synthesis Resource Usage Summary             ;
+---------------------------------------------+-----------+
; Resource                                    ; Usage     ;
+---------------------------------------------+-----------+
; Estimated Total logic elements              ; 4,334     ;
;                                             ;           ;
; Total combinational functions               ; 2454      ;
; Logic element usage by number of LUT inputs ;           ;
;     -- 4 input functions                    ; 1700      ;
;     -- 3 input functions                    ; 261       ;
;     -- <=2 input functions                  ; 493       ;
;                                             ;           ;
; Logic elements by mode                      ;           ;
;     -- normal mode                          ; 2315      ;
;     -- arithmetic mode                      ; 139       ;
;                                             ;           ;
; Total registers                             ; 2287      ;
;     -- Dedicated logic registers            ; 2287      ;
;     -- I/O registers                        ; 0         ;
;                                             ;           ;
; I/O pins                                    ; 9         ;
; Embedded Multiplier 9-bit elements          ; 0         ;
; Maximum fan-out node                        ; clk~input ;
; Maximum fan-out                             ; 2287      ;
; Total fan-out                               ; 15168     ;
; Average fan-out                             ; 3.19      ;
+---------------------------------------------+-----------+


+--------------------------------------------------------------------------------------------------------------------------------------------------------------------------------+
; Analysis & Synthesis Resource Utilization by Entity                                                                                                                            ;
+----------------------------+-------------------+--------------+-------------+--------------+---------+-----------+------+--------------+------------------------+--------------+
; Compilation Hierarchy Node ; LC Combinationals ; LC Registers ; Memory Bits ; DSP Elements ; DSP 9x9 ; DSP 18x18 ; Pins ; Virtual Pins ; Full Hierarchy Name    ; Library Name ;
+----------------------------+-------------------+--------------+-------------+--------------+---------+-----------+------+--------------+------------------------+--------------+
; |top                       ; 2454 (1846)       ; 2287 (2080)  ; 0           ; 0            ; 0       ; 0         ; 9    ; 0            ; |top                   ; work         ;
;    |bird:bird|             ; 461 (461)         ; 157 (157)    ; 0           ; 0            ; 0       ; 0         ; 0    ; 0            ; |top|bird:bird         ; work         ;
;    |keyboard:keyboard|     ; 21 (21)           ; 29 (29)      ; 0           ; 0            ; 0       ; 0         ; 0    ; 0            ; |top|keyboard:keyboard ; work         ;
;    |vga_sync:vga|          ; 126 (126)         ; 21 (21)      ; 0           ; 0            ; 0       ; 0         ; 0    ; 0            ; |top|vga_sync:vga      ; work         ;
+----------------------------+-------------------+--------------+-------------+--------------+---------+-----------+------+--------------+------------------------+--------------+
Note: For table entries with two numbers listed, the numbers in parentheses indicate the number of resources of the given type used by the specific entity alone. The numbers listed outside of parentheses indicate the total resources of the given type used by the specific entity and all of its sub-entities in the hierarchy.


Encoding Type:  One-Hot
+--------------------------------------------------+
; State Machine - |top|keyboard:keyboard|state     ;
+------------+------------+-----------+------------+
; Name       ; state.IDLE ; state.END ; state.READ ;
+------------+------------+-----------+------------+
; state.IDLE ; 0          ; 0         ; 0          ;
; state.READ ; 1          ; 0         ; 1          ;
; state.END  ; 1          ; 1         ; 0          ;
+------------+------------+-----------+------------+


+--------------------------------------------------------------------------------+
; Registers Removed During Synthesis                                             ;
+---------------------------------------+----------------------------------------+
; Register name                         ; Reason for Removal                     ;
+---------------------------------------+----------------------------------------+
; bird:bird|state[4]                    ; Stuck at GND due to stuck port data_in ;
; Total Number of Removed Registers = 1 ;                                        ;
+---------------------------------------+----------------------------------------+


+------------------------------------------------------+
; General Register Statistics                          ;
+----------------------------------------------+-------+
; Statistic                                    ; Value ;
+----------------------------------------------+-------+
; Total registers                              ; 2287  ;
; Number of registers using Synchronous Clear  ; 0     ;
; Number of registers using Synchronous Load   ; 28    ;
; Number of registers using Asynchronous Clear ; 0     ;
; Number of registers using Asynchronous Load  ; 0     ;
; Number of registers using Clock Enable       ; 2264  ;
; Number of registers using Preset             ; 0     ;
+----------------------------------------------+-------+


+-----------------------------------------------------------------------------------------------------------------------------------------------+
; Multiplexer Restructuring Statistics (Restructuring Performed)                                                                                ;
+--------------------+-----------+---------------+----------------------+------------------------+------------+---------------------------------+
; Multiplexer Inputs ; Bus Width ; Baseline Area ; Area if Restructured ; Saving if Restructured ; Registered ; Example Multiplexer Output      ;
+--------------------+-----------+---------------+----------------------+------------------------+------------+---------------------------------+
; 5:1                ; 10 bits   ; 30 LEs        ; 0 LEs                ; 30 LEs                 ; Yes        ; |top|keyboard:keyboard|char[10] ;
; 17:1               ; 2 bits    ; 22 LEs        ; 12 LEs               ; 10 LEs                 ; Yes        ; |top|bird:bird|state[3]         ;
; 17:1               ; 2 bits    ; 22 LEs        ; 14 LEs               ; 8 LEs                  ; Yes        ; |top|bird:bird|state[2]         ;
; 6:1                ; 4 bits    ; 16 LEs        ; 4 LEs                ; 12 LEs                 ; Yes        ; |top|keyboard:keyboard|count[2] ;
; 16:1               ; 16 bits   ; 160 LEs       ; 16 LEs               ; 144 LEs                ; Yes        ; |top|bird:bird|regbank[6][4]    ;
; 16:1               ; 16 bits   ; 160 LEs       ; 16 LEs               ; 144 LEs                ; Yes        ; |top|bird:bird|regbank[5][7]    ;
; 16:1               ; 16 bits   ; 160 LEs       ; 16 LEs               ; 144 LEs                ; Yes        ; |top|bird:bird|regbank[4][12]   ;
; 16:1               ; 16 bits   ; 160 LEs       ; 16 LEs               ; 144 LEs                ; Yes        ; |top|bird:bird|regbank[3][0]    ;
; 16:1               ; 16 bits   ; 160 LEs       ; 16 LEs               ; 144 LEs                ; Yes        ; |top|bird:bird|regbank[2][7]    ;
; 16:1               ; 16 bits   ; 160 LEs       ; 16 LEs               ; 144 LEs                ; Yes        ; |top|bird:bird|regbank[1][15]   ;
; 16:1               ; 16 bits   ; 160 LEs       ; 16 LEs               ; 144 LEs                ; Yes        ; |top|bird:bird|regbank[0][11]   ;
; 11:1               ; 4 bits    ; 28 LEs        ; 8 LEs                ; 20 LEs                 ; Yes        ; |top|bird:bird|regbank[7][15]   ;
; 10:1               ; 12 bits   ; 72 LEs        ; 24 LEs               ; 48 LEs                 ; Yes        ; |top|bird:bird|pc[5]            ;
; 11:1               ; 12 bits   ; 84 LEs        ; 24 LEs               ; 60 LEs                 ; Yes        ; |top|bird:bird|regbank[7][6]    ;
; 3:1                ; 2 bits    ; 4 LEs         ; 2 LEs                ; 2 LEs                  ; No         ; |top|keyboard:keyboard|state    ;
; 3:1                ; 2 bits    ; 4 LEs         ; 2 LEs                ; 2 LEs                  ; No         ; |top|data_in[10]                ;
; 3:1                ; 6 bits    ; 12 LEs        ; 6 LEs                ; 6 LEs                  ; No         ; |top|data_in[9]                 ;
; 8:1                ; 16 bits   ; 80 LEs        ; 80 LEs               ; 0 LEs                  ; No         ; |top|bird:bird|Mux37            ;
; 8:1                ; 16 bits   ; 80 LEs        ; 80 LEs               ; 0 LEs                  ; No         ; |top|bird:bird|Mux26            ;
; 5:1                ; 7 bits    ; 21 LEs        ; 14 LEs               ; 7 LEs                  ; No         ; |top|data_in[4]                 ;
; 12:1               ; 15 bits   ; 120 LEs       ; 60 LEs               ; 60 LEs                 ; No         ; |top|bird:bird|Mux78            ;
; 4:1                ; 12 bits   ; 24 LEs        ; 24 LEs               ; 0 LEs                  ; No         ; |top|bird:bird|Add4             ;
; 4:1                ; 4 bits    ; 8 LEs         ; 8 LEs                ; 0 LEs                  ; No         ; |top|bird:bird|Add4             ;
; 7:1                ; 12 bits   ; 48 LEs        ; 24 LEs               ; 24 LEs                 ; No         ; |top|bird:bird|Selector139      ;
; 3:1                ; 12 bits   ; 24 LEs        ; 12 LEs               ; 12 LEs                 ; No         ; |top|bird:bird|Add4             ;
; 3:1                ; 4 bits    ; 8 LEs         ; 4 LEs                ; 4 LEs                  ; No         ; |top|bird:bird|Add4             ;
+--------------------+-----------+---------------+----------------------+------------------------+------------+---------------------------------+


+-------------------------------+
; Elapsed Time Per Partition    ;
+----------------+--------------+
; Partition Name ; Elapsed Time ;
+----------------+--------------+
; Top            ; 00:00:05     ;
+----------------+--------------+


+-------------------------------+
; Analysis & Synthesis Messages ;
+-------------------------------+
Info: *******************************************************************
Info: Running Quartus II 64-Bit Analysis & Synthesis
    Info: Version 13.1.0 Build 162 10/23/2013 SJ Web Edition
    Info: Processing started: Fri Jan 27 00:31:24 2023
Info: Command: quartus_map --read_settings_files=on --write_settings_files=off final_project -c top
Info (11104): Parallel Compilation has detected 12 hyper-threaded processors. However, the extra hyper-threaded processors will not be used by default. Parallel Compilation will use 6 of the 6 physical processors detected instead.
Warning (10275): Verilog HDL Module Instantiation warning at top.sv(64): ignored dangling comma in List of Port Connections
Info (12021): Found 1 design units, including 1 entities, in source file top.sv
    Info (12023): Found entity 1: top
Info (12021): Found 1 design units, including 1 entities, in source file keyboard.sv
    Info (12023): Found entity 1: keyboard
Info (12021): Found 1 design units, including 1 entities, in source file vga.sv
    Info (12023): Found entity 1: vga_sync
Info (12021): Found 1 design units, including 1 entities, in source file bird_cpu.sv
    Info (12023): Found entity 1: bird
Info (12127): Elaborating entity "top" for the top level hierarchy
Warning (10850): Verilog HDL warning at top.sv(111): number of words (81) in memory file does not match the number of elements in the address range [0:127]
Warning (10034): Output port "ground" at top.sv(8) has no driver
Info (12128): Elaborating entity "vga_sync" for hierarchy "vga_sync:vga"
Warning (10230): Verilog HDL assignment warning at vga.sv(37): truncated value with size 32 to match size of target (10)
Warning (10230): Verilog HDL assignment warning at vga.sv(40): truncated value with size 32 to match size of target (10)
Info (12128): Elaborating entity "keyboard" for hierarchy "keyboard:keyboard"
Warning (10230): Verilog HDL assignment warning at keyboard.sv(53): truncated value with size 32 to match size of target (4)
Info (12128): Elaborating entity "bird" for hierarchy "bird:bird"
Warning (10230): Verilog HDL assignment warning at bird_cpu.sv(43): truncated value with size 32 to match size of target (12)
Warning (10230): Verilog HDL assignment warning at bird_cpu.sv(48): truncated value with size 32 to match size of target (12)
Warning (10230): Verilog HDL assignment warning at bird_cpu.sv(76): truncated value with size 32 to match size of target (16)
Warning (10230): Verilog HDL assignment warning at bird_cpu.sv(81): truncated value with size 32 to match size of target (16)
Warning (10230): Verilog HDL assignment warning at bird_cpu.sv(91): truncated value with size 32 to match size of target (16)
Warning (10230): Verilog HDL assignment warning at bird_cpu.sv(97): truncated value with size 32 to match size of target (16)
Warning (10230): Verilog HDL assignment warning at bird_cpu.sv(110): truncated value with size 16 to match size of target (12)
Warning (10230): Verilog HDL assignment warning at bird_cpu.sv(111): truncated value with size 16 to match size of target (12)
Warning (10230): Verilog HDL assignment warning at bird_cpu.sv(112): truncated value with size 16 to match size of target (12)
Warning (10230): Verilog HDL assignment warning at bird_cpu.sv(113): truncated value with size 16 to match size of target (12)
Warning (10230): Verilog HDL assignment warning at bird_cpu.sv(135): truncated value with size 32 to match size of target (16)
Warning (10230): Verilog HDL assignment warning at bird_cpu.sv(136): truncated value with size 32 to match size of target (16)
Info (276014): Found 1 instances of uninferred RAM logic
    Info (276007): RAM logic "memory" is uninferred due to asynchronous read logic
Warning (127007): Memory Initialization File or Hexadecimal (Intel-Format) File "C:/microprocessors/db/final_project.ram0_top_1fc36.hdl.mif" contains "don't care" values -- overwriting them with 0s
Warning (13024): Output pins are stuck at VCC or GND
    Warning (13410): Pin "ground" is stuck at GND
    Warning (13410): Pin "rgb[0]" is stuck at GND
Info (286030): Timing-Driven Synthesis is running
Info (144001): Generated suppressed messages file C:/microprocessors/output_files/top.map.smsg
Info (16010): Generating hard_block partition "hard_block:auto_generated_inst"
    Info (16011): Adding 0 node(s), including 0 DDIO, 0 PLL, 0 transceiver and 0 LCELL
Info (21057): Implemented 4387 device resources after synthesis - the final resource count might be different
    Info (21058): Implemented 3 input pins
    Info (21059): Implemented 6 output pins
    Info (21061): Implemented 4378 logic cells
Info: Quartus II 64-Bit Analysis & Synthesis was successful. 0 errors, 22 warnings
    Info: Peak virtual memory: 4671 megabytes
    Info: Processing ended: Fri Jan 27 00:31:31 2023
    Info: Elapsed time: 00:00:07
    Info: Total CPU time (on all processors): 00:00:06


+------------------------------------------+
; Analysis & Synthesis Suppressed Messages ;
+------------------------------------------+
The suppressed messages can be found in C:/microprocessors/output_files/top.map.smsg.


